[debug] [2024-06-22T07:03:28.905Z] ----------------------------------------------------------------------
[debug] [2024-06-22T07:03:28.907Z] Command:       C:\Program Files\nodejs\node.exe C:\Users\ecoot\AppData\Roaming\npm\node_modules\firebase-tools\lib\bin\firebase.js serve
[debug] [2024-06-22T07:03:28.908Z] CLI Version:   13.11.2
[debug] [2024-06-22T07:03:28.908Z] Platform:      win32
[debug] [2024-06-22T07:03:28.908Z] Node Version:  v20.11.0
[debug] [2024-06-22T07:03:28.908Z] Time:          Sat Jun 22 2024 03:03:28 GMT-0400 (Eastern Daylight Saving Time)
[debug] [2024-06-22T07:03:28.908Z] ----------------------------------------------------------------------
[debug] 
[debug] [2024-06-22T07:03:29.051Z] > command requires scopes: ["email","openid","https://www.googleapis.com/auth/cloudplatformprojects.readonly","https://www.googleapis.com/auth/firebase","https://www.googleapis.com/auth/cloud-platform"]
[debug] [2024-06-22T07:03:29.051Z] > authorizing via signed-in user (realethancoote@gmail.com)
[debug] [2024-06-22T07:03:29.052Z] [iam] checking project mma-stats-38214 for permissions ["firebase.projects.get"]
[debug] [2024-06-22T07:03:29.054Z] >>> [apiv2][query] POST https://cloudresourcemanager.googleapis.com/v1/projects/mma-stats-38214:testIamPermissions [none]
[debug] [2024-06-22T07:03:29.054Z] >>> [apiv2][(partial)header] POST https://cloudresourcemanager.googleapis.com/v1/projects/mma-stats-38214:testIamPermissions x-goog-quota-user=projects/mma-stats-38214
[debug] [2024-06-22T07:03:29.054Z] >>> [apiv2][body] POST https://cloudresourcemanager.googleapis.com/v1/projects/mma-stats-38214:testIamPermissions {"permissions":["firebase.projects.get"]}
[debug] [2024-06-22T07:03:29.347Z] <<< [apiv2][status] POST https://cloudresourcemanager.googleapis.com/v1/projects/mma-stats-38214:testIamPermissions 200
[debug] [2024-06-22T07:03:29.348Z] <<< [apiv2][body] POST https://cloudresourcemanager.googleapis.com/v1/projects/mma-stats-38214:testIamPermissions {"permissions":["firebase.projects.get"]}
[debug] [2024-06-22T07:03:29.348Z] >>> [apiv2][query] GET https://firebase.googleapis.com/v1beta1/projects/mma-stats-38214 [none]
[debug] [2024-06-22T07:03:29.735Z] <<< [apiv2][status] GET https://firebase.googleapis.com/v1beta1/projects/mma-stats-38214 200
[debug] [2024-06-22T07:03:29.735Z] <<< [apiv2][body] GET https://firebase.googleapis.com/v1beta1/projects/mma-stats-38214 {"projectId":"mma-stats-38214","projectNumber":"73526909394","displayName":"mma-stats","name":"projects/mma-stats-38214","resources":{"hostingSite":"mma-stats-38214","realtimeDatabaseInstance":"mma-stats-38214-default-rtdb"},"state":"ACTIVE","etag":"1_f2e6e5d9-3d0e-439f-a4f0-2369c571c2eb"}
[info] 
[info] === Serving from 'C:\Users\ecoot\Desktop\code_stuff\site'...
[info] 
[debug] [2024-06-22T07:03:29.742Z] >>> [apiv2][query] GET https://firebasehosting.googleapis.com/v1beta1/projects/mma-stats-38214/sites 
[debug] [2024-06-22T07:03:30.152Z] <<< [apiv2][status] GET https://firebasehosting.googleapis.com/v1beta1/projects/mma-stats-38214/sites 200
[debug] [2024-06-22T07:03:30.152Z] <<< [apiv2][body] GET https://firebasehosting.googleapis.com/v1beta1/projects/mma-stats-38214/sites {"sites":[{"name":"projects/mma-stats-38214/sites/mma-stats-38214","defaultUrl":"https://mma-stats-38214.web.app","type":"DEFAULT_SITE"}]}
[debug] [2024-06-22T07:03:30.153Z] >>> [apiv2][query] GET https://firebase.googleapis.com/v1beta1/projects/mma-stats-38214/webApps/-/config [none]
